2026-01-11T01:24:51 | touched: GifRecorder/App.config
2025-01-13T18:14:53 | touched: GifRecorder/Properties/Resources.es.resx
2026-01-10T03:00:16 | touched: GifRecorder/Pages/TitleFrame.Designer.cs
2025-04-02T03:39:15 | touched: GifRecorder/Pages/ErrorSender.cs
2025-05-16T04:34:11 | touched: GifRecorder/Properties/Resources.fr.resx
2025-02-26T00:50:23 | touched: GifRecorder/Pages/Information.Designer.cs
2026-01-23T12:09:22 | touched: GifRecorder/Resources/IBeam.ico
2026-02-03T01:59:39 | touched: GifRecorder/Pages/GifSettings.Designer.cs
2025-09-07T07:27:53 | touched: GifRecorder/Pages/BorderOptions.resx
2026-01-06T02:31:07 | touched: GifRecorder/Properties/Resources.el.resx
2026-02-01T17:02:05 | touched: GifRecorder/Properties/Resources.el.resx
2026-01-02T14:41:05 | touched: GifRecorder/Pages/ErrorSender.cs
2024-09-12T02:48:15 | touched: GifRecorder/Legacy.cs
2025-09-24T13:06:42 | touched: GifRecorder/Legacy.Designer.cs
2026-01-21T16:27:01 | touched: GifRecorder/Pages/FreeDrawing.Designer.cs
2024-10-11T13:17:04 | touched: GifRecorder/Pages/CaptionOptions.resx
2026-01-10T06:00:48 | touched: GifRecorder/Properties/Resources.fr.resx
2025-07-02T15:51:40 | touched: GifRecorder/Properties/AssemblyInfo.cs
2024-11-02T11:42:42 | touched: GifRecorder/Pages/ErrorSender.cs
2025-03-17T05:46:11 | touched: GifRecorder/Encoding/NeuQuant.cs
2025-01-28T20:32:30 | touched: GifRecorder/Properties/Resources.ro.Designer.cs
2025-06-12T21:36:14 | touched: GifRecorder/Pages/Resize.cs
2025-08-29T23:12:33 | touched: GifRecorder/Properties/Resources.pt.resx
2025-12-26T09:04:38 | touched: Files/ChangeLog.txt
2025-01-19T10:33:43 | touched: GifRecorder/Pages/Information.Designer.cs
2025-01-17T13:46:35 | touched: GifRecorder/Controls/SnapShots.Designer.cs
2025-03-21T20:24:19 | touched: GifRecorder/Pages/ClickProperties.cs
2025-01-22T13:12:17 | touched: GifRecorder/GifRecorder.csproj
2025-01-11T02:27:17 | touched: GifRecorder/Pages/GifPreviewer.Designer.cs
2025-11-20T10:05:55 | touched: GifRecorder/Properties/Settings.Designer.cs
